<?xml version="1.0" encoding="UTF-8"?>
<!-- Generated by org.testng.reporters.JUnitXMLReporter -->
<testsuite hostname="DESKTOP-6F6T2NA" ignored="0" name="Test" tests="2" failures="1" timestamp="25 Mar 2019 12:06:08 GMT" time="23.254" errors="0">
  <testcase name="verifyToLogin" time="5.506" classname="com.axis.testcases.LoginToAxis"/>
  <testcase name="verifyPageTitle" time="0.427" classname="com.axis.testcases.PageTitle">
    <failure type="java.lang.AssertionError" message="expected [axis2.2] but found [  axis2.0]">
      <![CDATA[java.lang.AssertionError: expected [axis2.2] but found [  axis2.0]
at com.axis.testcases.PageTitle.verifyPageTitle(PageTitle.java:19)
... Removed 31 stack frames]]>
    </failure>
  </testcase> <!-- verifyPageTitle -->
</testsuite> <!-- Test -->
